2025-10-28 17:23:29,617 - INFO - ================================================================================
2025-10-28 17:23:29,617 - INFO - Bulk Data Collection Script
2025-10-28 17:23:29,617 - INFO - ================================================================================
2025-10-28 17:23:29,617 - INFO - 
2025-10-28 17:23:29,618 - INFO - Exchange: coinbase
2025-10-28 17:23:29,618 - INFO - Markets: 2
2025-10-28 17:23:29,618 - INFO - Timeframes: 2
2025-10-28 17:23:29,618 - INFO - Start date: 2017-01-01
2025-10-28 17:23:29,618 - INFO - End date: 2025-10-27
2025-10-28 17:23:29,618 - INFO - Total combinations: 4
2025-10-28 17:23:29,618 - INFO - 
2025-10-28 17:23:29,620 - INFO - Starting data collection...
2025-10-28 17:23:29,620 - INFO - --------------------------------------------------------------------------------
2025-10-28 17:23:29,621 - INFO - ================================================================================
2025-10-28 17:23:29,621 - INFO - Daily Data Update Started
2025-10-28 17:23:29,621 - INFO - ================================================================================
2025-10-28 17:23:29,621 - INFO - Target end date: 2025-10-27
2025-10-28 17:23:29,621 - INFO - 
2025-10-28 17:23:29,621 - INFO - Exchange: coinbase
2025-10-28 17:23:29,621 - INFO - Markets: 2
2025-10-28 17:23:29,621 - INFO - Timeframes: 2
2025-10-28 17:23:29,621 - INFO - Total combinations: 4
2025-10-28 17:23:29,622 - INFO - --------------------------------------------------------------------------------
2025-10-28 17:23:44,883 - INFO - ================================================================================
2025-10-28 17:23:44,883 - INFO - Bulk Data Collection Script
2025-10-28 17:23:44,883 - INFO - ================================================================================
2025-10-28 17:23:44,883 - INFO - 
2025-10-28 17:23:44,885 - INFO - Exchange: coinbase
2025-10-28 17:23:44,885 - INFO - Markets: 2
2025-10-28 17:23:44,885 - INFO - Timeframes: 2
2025-10-28 17:23:44,885 - INFO - Start date: 2017-01-01
2025-10-28 17:23:44,885 - INFO - End date: 2025-10-27
2025-10-28 17:23:44,885 - INFO - Total combinations: 4
2025-10-28 17:23:44,885 - INFO - 
2025-10-28 17:23:44,886 - INFO - Starting data collection...
2025-10-28 17:23:44,886 - INFO - --------------------------------------------------------------------------------
2025-10-28 17:23:44,886 - INFO - [1/4] Fetching BTC/USD 1h...
2025-10-28 17:23:44,886 - INFO -   Cache exists, skipping BTC/USD 1h
2025-10-28 17:23:44,886 - INFO - ✗ No data available
2025-10-28 17:23:44,887 - INFO - [2/4] Fetching BTC/USD 1d...
2025-10-28 17:23:46,252 - INFO - ✓ 300 candles in 1.4s (220 candles/s) [api]
2025-10-28 17:23:46,252 - INFO - [3/4] Fetching ETH/USD 1h...
2025-10-28 17:23:46,418 - INFO - ✓ 300 candles in 0.2s (1810 candles/s) [api]
2025-10-28 17:23:46,418 - INFO - [4/4] Fetching ETH/USD 1d...
2025-10-28 17:23:46,594 - INFO - ✓ 300 candles in 0.2s (1707 candles/s) [api]
2025-10-28 17:23:46,594 - INFO - 
2025-10-28 17:23:46,594 - INFO - ================================================================================
2025-10-28 17:23:46,594 - INFO - Summary
2025-10-28 17:23:46,594 - INFO - ================================================================================
2025-10-28 17:23:46,594 - INFO - Total runtime: 0.0 minutes
2025-10-28 17:23:46,594 - INFO - Successful fetches: 3
2025-10-28 17:23:46,594 - INFO - Skipped (already cached): 0
2025-10-28 17:23:46,594 - INFO - Failed fetches: 1
2025-10-28 17:23:46,594 - INFO - Success rate: 75.0%
2025-10-28 17:23:46,594 - INFO - Cache hit rate: 0.0%
2025-10-28 17:23:46,594 - INFO - Total candles fetched: 900
2025-10-28 17:23:46,594 - INFO - Average fetch time: 0.4s per market
2025-10-28 17:23:46,594 - INFO - Total API requests: 3
2025-10-28 17:23:46,594 - INFO - Average candles per second: 527
2025-10-28 17:23:46,594 - INFO - 
2025-10-28 17:23:46,594 - INFO - ✓ Performance data logged to: performance/fetch_performance.jsonl
2025-10-28 17:23:46,594 - INFO - ✗ Error details logged to: logs/fetch_errors.log
2025-10-28 17:23:46,594 - INFO - ================================================================================
2025-10-28 17:23:46,599 - INFO - ================================================================================
2025-10-28 17:23:46,599 - INFO - Daily Data Update Started
2025-10-28 17:23:46,599 - INFO - ================================================================================
2025-10-28 17:23:46,599 - INFO - Target end date: 2025-10-27
2025-10-28 17:23:46,599 - INFO - 
2025-10-28 17:23:46,599 - INFO - Exchange: coinbase
2025-10-28 17:23:46,600 - INFO - Markets: 2
2025-10-28 17:23:46,600 - INFO - Timeframes: 2
2025-10-28 17:23:46,600 - INFO - Total combinations: 4
2025-10-28 17:23:46,600 - INFO - --------------------------------------------------------------------------------
2025-10-28 17:23:46,600 - INFO - [1/4] Updating BTC/USD 1h...
2025-10-28 17:23:48,172 - INFO - ✓ Added 300 candles
2025-10-28 17:23:48,172 - INFO - [2/4] Updating BTC/USD 1d...
2025-10-28 17:23:49,742 - INFO - ✓ Added 300 candles
2025-10-28 17:23:49,742 - INFO - [3/4] Updating ETH/USD 1h...
2025-10-28 17:23:51,084 - INFO - ✓ Added 300 candles
2025-10-28 17:23:51,084 - INFO - [4/4] Updating ETH/USD 1d...
2025-10-28 17:23:52,514 - INFO - ✓ Added 300 candles
2025-10-28 17:23:52,515 - INFO - 
2025-10-28 17:23:52,515 - INFO - ================================================================================
2025-10-28 17:23:52,515 - INFO - Daily Update Summary
2025-10-28 17:23:52,515 - INFO - ================================================================================
2025-10-28 17:23:52,515 - INFO - Duration: 5.9 seconds (0.1 minutes)
2025-10-28 17:23:52,515 - INFO - Updated: 4
2025-10-28 17:23:52,515 - INFO - Skipped: 0
2025-10-28 17:23:52,515 - INFO - Failed: 0
2025-10-28 17:23:52,515 - INFO - Total candles added: 1,200
2025-10-28 17:23:52,515 - INFO - Total API requests: 4
2025-10-28 17:23:52,515 - INFO - Warnings: 6
2025-10-28 17:23:52,515 - INFO - ================================================================================
2025-10-28 17:23:55,549 - INFO - ================================================================================
2025-10-28 17:23:55,549 - INFO - Bulk Data Collection Script
2025-10-28 17:23:55,549 - INFO - ================================================================================
2025-10-28 17:23:55,549 - INFO - 
2025-10-28 17:23:55,551 - INFO - Exchange: coinbase
2025-10-28 17:23:55,551 - INFO - Markets: 2
2025-10-28 17:23:55,551 - INFO - Timeframes: 2
2025-10-28 17:23:55,551 - INFO - Start date: 2017-01-01
2025-10-28 17:23:55,551 - INFO - End date: 2025-10-27
2025-10-28 17:23:55,551 - INFO - Total combinations: 4
2025-10-28 17:23:55,551 - INFO - 
2025-10-28 17:23:55,554 - INFO - Starting data collection...
2025-10-28 17:23:55,554 - INFO - --------------------------------------------------------------------------------
2025-10-28 17:23:55,554 - INFO - [1/4] Fetching BTC/USD 1h...
2025-10-28 17:23:55,554 - INFO -   Cache exists, skipping BTC/USD 1h
2025-10-28 17:23:55,554 - INFO - ✗ No data available
2025-10-28 17:23:55,554 - INFO - [2/4] Fetching BTC/USD 1d...
2025-10-28 17:23:55,554 - INFO -   Cache exists, skipping BTC/USD 1d
2025-10-28 17:23:55,554 - INFO - ✗ No data available
2025-10-28 17:23:55,554 - INFO - [3/4] Fetching ETH/USD 1h...
2025-10-28 17:23:55,554 - INFO -   Cache exists, skipping ETH/USD 1h
2025-10-28 17:23:55,554 - INFO - ✗ No data available
2025-10-28 17:23:55,554 - INFO - [4/4] Fetching ETH/USD 1d...
2025-10-28 17:23:55,554 - INFO -   Cache exists, skipping ETH/USD 1d
2025-10-28 17:23:55,554 - INFO - ✗ No data available
2025-10-28 17:23:55,554 - INFO - 
2025-10-28 17:23:55,554 - INFO - ================================================================================
2025-10-28 17:23:55,554 - INFO - Summary
2025-10-28 17:23:55,554 - INFO - ================================================================================
2025-10-28 17:23:55,554 - INFO - Total runtime: 0.0 minutes
2025-10-28 17:23:55,554 - INFO - Successful fetches: 0
2025-10-28 17:23:55,554 - INFO - Skipped (already cached): 0
2025-10-28 17:23:55,554 - INFO - Failed fetches: 4
2025-10-28 17:23:55,554 - INFO - Success rate: 0.0%
2025-10-28 17:23:55,554 - INFO - Cache hit rate: 0.0%
2025-10-28 17:23:55,554 - INFO - Total candles fetched: 0
2025-10-28 17:23:55,554 - INFO - Average fetch time: 0.0s per market
2025-10-28 17:23:55,554 - INFO - Total API requests: 0
2025-10-28 17:23:55,554 - INFO - Average candles per second: 0
2025-10-28 17:23:55,554 - INFO - 
2025-10-28 17:23:55,554 - INFO - ✓ Performance data logged to: performance/fetch_performance.jsonl
2025-10-28 17:23:55,554 - INFO - ✗ Error details logged to: logs/fetch_errors.log
2025-10-28 17:23:55,555 - INFO - ================================================================================
2025-10-28 17:23:55,555 - INFO - ================================================================================
2025-10-28 17:23:55,555 - INFO - Daily Data Update Started
2025-10-28 17:23:55,555 - INFO - ================================================================================
2025-10-28 17:23:55,555 - INFO - Target end date: 2025-10-27
2025-10-28 17:23:55,555 - INFO - 
2025-10-28 17:23:55,555 - INFO - Exchange: coinbase
2025-10-28 17:23:55,555 - INFO - Markets: 2
2025-10-28 17:23:55,555 - INFO - Timeframes: 2
2025-10-28 17:23:55,555 - INFO - Total combinations: 4
2025-10-28 17:23:55,555 - INFO - --------------------------------------------------------------------------------
2025-10-28 17:23:55,555 - INFO - [1/4] Updating BTC/USD 1h...
2025-10-28 17:23:55,560 - INFO - ✓ Up to date
2025-10-28 17:23:55,560 - INFO - [2/4] Updating BTC/USD 1d...
2025-10-28 17:23:56,976 - INFO - ✓ Added 300 candles
2025-10-28 17:23:56,976 - INFO - [3/4] Updating ETH/USD 1h...
2025-10-28 17:23:58,349 - INFO - ✓ Added 300 candles
2025-10-28 17:23:58,349 - INFO - [4/4] Updating ETH/USD 1d...
2025-10-28 17:23:59,750 - INFO - ✓ Added 300 candles
2025-10-28 17:23:59,750 - INFO - 
2025-10-28 17:23:59,750 - INFO - ================================================================================
2025-10-28 17:23:59,750 - INFO - Daily Update Summary
2025-10-28 17:23:59,750 - INFO - ================================================================================
2025-10-28 17:23:59,750 - INFO - Duration: 4.2 seconds (0.1 minutes)
2025-10-28 17:23:59,750 - INFO - Updated: 3
2025-10-28 17:23:59,750 - INFO - Skipped: 1
2025-10-28 17:23:59,750 - INFO - Failed: 0
2025-10-28 17:23:59,750 - INFO - Total candles added: 900
2025-10-28 17:23:59,750 - INFO - Total API requests: 3
2025-10-28 17:23:59,750 - INFO - Warnings: 4
2025-10-28 17:23:59,750 - INFO - ================================================================================
2025-10-28 17:29:53,850 - INFO - ================================================================================
2025-10-28 17:29:53,850 - INFO - Bulk Data Collection Script
2025-10-28 17:29:53,850 - INFO - ================================================================================
2025-10-28 17:29:53,850 - INFO - 
2025-10-28 17:29:53,852 - INFO - Exchange: coinbase
2025-10-28 17:29:53,852 - INFO - Markets: 2
2025-10-28 17:29:53,852 - INFO - Timeframes: 2
2025-10-28 17:29:53,852 - INFO - Start date: 2017-01-01
2025-10-28 17:29:53,852 - INFO - End date: 2025-10-27
2025-10-28 17:29:53,852 - INFO - Total combinations: 4
2025-10-28 17:29:53,852 - INFO - 
2025-10-28 17:29:53,854 - INFO - Starting data collection...
2025-10-28 17:29:53,854 - INFO - --------------------------------------------------------------------------------
2025-10-28 17:29:53,854 - INFO - [1/4] Fetching BTC/USD 1h...
2025-10-28 17:29:55,249 - INFO - ✓ 300 candles in 1.4s (215 candles/s) [api]
2025-10-28 17:29:55,249 - INFO - [2/4] Fetching BTC/USD 1d...
2025-10-28 17:29:55,427 - INFO - ✓ 300 candles in 0.2s (1690 candles/s) [api]
2025-10-28 17:29:55,427 - INFO - [3/4] Fetching ETH/USD 1h...
2025-10-28 17:29:55,577 - INFO - ✓ 300 candles in 0.1s (2007 candles/s) [api]
2025-10-28 17:29:55,577 - INFO - [4/4] Fetching ETH/USD 1d...
2025-10-28 17:29:55,766 - INFO - ✓ 300 candles in 0.2s (1588 candles/s) [api]
2025-10-28 17:29:55,766 - INFO - 
2025-10-28 17:29:55,766 - INFO - ================================================================================
2025-10-28 17:29:55,766 - INFO - Summary
2025-10-28 17:29:55,766 - INFO - ================================================================================
2025-10-28 17:29:55,766 - INFO - Total runtime: 0.0 minutes
2025-10-28 17:29:55,766 - INFO - Successful fetches: 4
2025-10-28 17:29:55,766 - INFO - Skipped (already cached): 0
2025-10-28 17:29:55,766 - INFO - Failed fetches: 0
2025-10-28 17:29:55,766 - INFO - Success rate: 100.0%
2025-10-28 17:29:55,766 - INFO - Cache hit rate: 0.0%
2025-10-28 17:29:55,766 - INFO - Total candles fetched: 1,200
2025-10-28 17:29:55,766 - INFO - Average fetch time: 0.5s per market
2025-10-28 17:29:55,766 - INFO - Total API requests: 4
2025-10-28 17:29:55,766 - INFO - Average candles per second: 628
2025-10-28 17:29:55,766 - INFO - 
2025-10-28 17:29:55,766 - INFO - ✓ Performance data logged to: performance/fetch_performance.jsonl
2025-10-28 17:29:55,766 - INFO - ================================================================================
2025-10-28 17:29:55,769 - INFO - ================================================================================
2025-10-28 17:29:55,769 - INFO - Daily Data Update Started
2025-10-28 17:29:55,769 - INFO - ================================================================================
2025-10-28 17:29:55,769 - INFO - Target end date: 2025-10-27
2025-10-28 17:29:55,769 - INFO - 
2025-10-28 17:29:55,770 - INFO - Exchange: coinbase
2025-10-28 17:29:55,770 - INFO - Markets: 2
2025-10-28 17:29:55,770 - INFO - Timeframes: 2
2025-10-28 17:29:55,770 - INFO - Total combinations: 4
2025-10-28 17:29:55,770 - INFO - --------------------------------------------------------------------------------
2025-10-28 17:29:55,770 - INFO - [1/4] Updating BTC/USD 1h...
2025-10-28 17:29:57,121 - INFO - ✓ Added 300 candles
2025-10-28 17:29:57,121 - INFO - [2/4] Updating BTC/USD 1d...
2025-10-28 17:29:58,541 - INFO - ✓ Added 300 candles
2025-10-28 17:29:58,541 - INFO - [3/4] Updating ETH/USD 1h...
2025-10-28 17:29:59,889 - INFO - ✓ Added 300 candles
2025-10-28 17:29:59,889 - INFO - [4/4] Updating ETH/USD 1d...
2025-10-28 17:30:01,393 - INFO - ✓ Added 300 candles
2025-10-28 17:30:01,394 - INFO - 
2025-10-28 17:30:01,394 - INFO - ================================================================================
2025-10-28 17:30:01,394 - INFO - Daily Update Summary
2025-10-28 17:30:01,394 - INFO - ================================================================================
2025-10-28 17:30:01,394 - INFO - Duration: 5.6 seconds (0.1 minutes)
2025-10-28 17:30:01,394 - INFO - Updated: 4
2025-10-28 17:30:01,394 - INFO - Skipped: 0
2025-10-28 17:30:01,394 - INFO - Failed: 0
2025-10-28 17:30:01,394 - INFO - Total candles added: 1,200
2025-10-28 17:30:01,394 - INFO - Total API requests: 4
2025-10-28 17:30:01,394 - INFO - Warnings: 6
2025-10-28 17:30:01,394 - INFO - ================================================================================
